[32m2025-05-06 16:24:14 +1000[0m - dagster - [34mDEBUG[0m - __ASSET_JOB - dd58d973-4874-4b63-9cd7-0bd03d4a38af - 70634 - LOGS_CAPTURED - Started capturing logs in process (pid: 70634).
[32m2025-05-06 16:24:14 +1000[0m - dagster - [34mDEBUG[0m - __ASSET_JOB - dd58d973-4874-4b63-9cd7-0bd03d4a38af - 70634 - run_dbt_42abf - STEP_START - Started execution of step "run_dbt_42abf".
[32m2025-05-06 16:24:14 +1000[0m - dagster - [34mINFO[0m - resource:dbt - dd58d973-4874-4b63-9cd7-0bd03d4a38af - run_dbt_42abf - Executing command: dbt --no-use-colors --log-format json build --project-dir /Users/ce/Projects/ecom-dagster-dbt-pipeline/dbt_transformation --profiles-dir /Users/ce/Projects/ecom-dagster-dbt-pipeline/dbt_transformation/config --select fqn:*
[32m2025-05-06 16:24:15 +1000[0m - dagster - [34mINFO[0m - resource:dbt - dd58d973-4874-4b63-9cd7-0bd03d4a38af - run_dbt_42abf - Running with dbt=1.7.19
[32m2025-05-06 16:24:15 +1000[0m - dagster - [34mINFO[0m - resource:dbt - dd58d973-4874-4b63-9cd7-0bd03d4a38af - run_dbt_42abf - Registered adapter: bigquery=1.7.9
[32m2025-05-06 16:24:15 +1000[0m - dagster - [34mINFO[0m - resource:dbt - dd58d973-4874-4b63-9cd7-0bd03d4a38af - run_dbt_42abf - Found 3 models, 11 tests, 4 sources, 0 exposures, 0 metrics, 454 macros, 0 groups, 0 semantic models
[32m2025-05-06 16:24:15 +1000[0m - dagster - [34mINFO[0m - resource:dbt - dd58d973-4874-4b63-9cd7-0bd03d4a38af - run_dbt_42abf
[32m2025-05-06 16:24:17 +1000[0m - dagster - [34mINFO[0m - resource:dbt - dd58d973-4874-4b63-9cd7-0bd03d4a38af - run_dbt_42abf - Concurrency: 1 threads (target='dev')
[32m2025-05-06 16:24:17 +1000[0m - dagster - [34mINFO[0m - resource:dbt - dd58d973-4874-4b63-9cd7-0bd03d4a38af - run_dbt_42abf
[32m2025-05-06 16:24:17 +1000[0m - dagster - [34mINFO[0m - resource:dbt - dd58d973-4874-4b63-9cd7-0bd03d4a38af - run_dbt_42abf - 1 of 14 START sql view model transformed_data.stg_customers .................... [RUN]
[32m2025-05-06 16:24:19 +1000[0m - dagster - [34mDEBUG[0m - __ASSET_JOB - dd58d973-4874-4b63-9cd7-0bd03d4a38af - 70634 - run_dbt_42abf - STEP_OUTPUT - Yielded output "model_dbt_transformation_stg_customers" of type "Nothing". (Type check passed).
[32m2025-05-06 16:24:19 +1000[0m - dagster - [34mDEBUG[0m - __ASSET_JOB - dd58d973-4874-4b63-9cd7-0bd03d4a38af - 70634 - run_dbt_42abf - ASSET_MATERIALIZATION - Materialized value transformed_data stg_customers.
[32m2025-05-06 16:24:19 +1000[0m - dagster - [34mINFO[0m - resource:dbt - dd58d973-4874-4b63-9cd7-0bd03d4a38af - run_dbt_42abf - 1 of 14 OK created sql view model transformed_data.stg_customers ............... [CREATE VIEW (0 processed) in 1.75s]
[32m2025-05-06 16:24:19 +1000[0m - dagster - [34mINFO[0m - resource:dbt - dd58d973-4874-4b63-9cd7-0bd03d4a38af - run_dbt_42abf - 2 of 14 START sql view model transformed_data.stg_orders ....................... [RUN]
[32m2025-05-06 16:24:21 +1000[0m - dagster - [34mDEBUG[0m - __ASSET_JOB - dd58d973-4874-4b63-9cd7-0bd03d4a38af - 70634 - run_dbt_42abf - STEP_OUTPUT - Yielded output "model_dbt_transformation_stg_orders" of type "Nothing". (Type check passed).
[32m2025-05-06 16:24:21 +1000[0m - dagster - [34mDEBUG[0m - __ASSET_JOB - dd58d973-4874-4b63-9cd7-0bd03d4a38af - 70634 - run_dbt_42abf - ASSET_MATERIALIZATION - Materialized value transformed_data stg_orders.
[32m2025-05-06 16:24:21 +1000[0m - dagster - [34mINFO[0m - resource:dbt - dd58d973-4874-4b63-9cd7-0bd03d4a38af - run_dbt_42abf - 2 of 14 OK created sql view model transformed_data.stg_orders .................. [CREATE VIEW (0 processed) in 1.92s]
[32m2025-05-06 16:24:21 +1000[0m - dagster - [34mINFO[0m - resource:dbt - dd58d973-4874-4b63-9cd7-0bd03d4a38af - run_dbt_42abf - 3 of 14 START test not_null_stg_customers_customer_id .......................... [RUN]
[32m2025-05-06 16:24:24 +1000[0m - dagster - [34mDEBUG[0m - __ASSET_JOB - dd58d973-4874-4b63-9cd7-0bd03d4a38af - 70634 - run_dbt_42abf - ASSET_OBSERVATION - DagsterEventType.ASSET_OBSERVATION for step run_dbt_42abf
[32m2025-05-06 16:24:24 +1000[0m - dagster - [34mINFO[0m - resource:dbt - dd58d973-4874-4b63-9cd7-0bd03d4a38af - run_dbt_42abf - 3 of 14 PASS not_null_stg_customers_customer_id ................................ [PASS in 2.56s]
[32m2025-05-06 16:24:24 +1000[0m - dagster - [34mINFO[0m - resource:dbt - dd58d973-4874-4b63-9cd7-0bd03d4a38af - run_dbt_42abf - 4 of 14 START test unique_stg_customers_customer_id ............................ [RUN]
[32m2025-05-06 16:24:27 +1000[0m - dagster - [34mDEBUG[0m - __ASSET_JOB - dd58d973-4874-4b63-9cd7-0bd03d4a38af - 70634 - run_dbt_42abf - ASSET_OBSERVATION - DagsterEventType.ASSET_OBSERVATION for step run_dbt_42abf
[32m2025-05-06 16:24:27 +1000[0m - dagster - [34mINFO[0m - resource:dbt - dd58d973-4874-4b63-9cd7-0bd03d4a38af - run_dbt_42abf - 4 of 14 PASS unique_stg_customers_customer_id .................................. [PASS in 2.89s]
[32m2025-05-06 16:24:27 +1000[0m - dagster - [34mINFO[0m - resource:dbt - dd58d973-4874-4b63-9cd7-0bd03d4a38af - run_dbt_42abf - 5 of 14 START test accepted_values_stg_orders_order_status__approved__canceled__created__delivered__invoiced__processing__shipped__unavailable  [RUN]
[32m2025-05-06 16:24:30 +1000[0m - dagster - [34mDEBUG[0m - __ASSET_JOB - dd58d973-4874-4b63-9cd7-0bd03d4a38af - 70634 - run_dbt_42abf - ASSET_OBSERVATION - DagsterEventType.ASSET_OBSERVATION for step run_dbt_42abf
[32m2025-05-06 16:24:30 +1000[0m - dagster - [34mINFO[0m - resource:dbt - dd58d973-4874-4b63-9cd7-0bd03d4a38af - run_dbt_42abf - 5 of 14 PASS accepted_values_stg_orders_order_status__approved__canceled__created__delivered__invoiced__processing__shipped__unavailable  [PASS in 3.21s]
[32m2025-05-06 16:24:30 +1000[0m - dagster - [34mINFO[0m - resource:dbt - dd58d973-4874-4b63-9cd7-0bd03d4a38af - run_dbt_42abf - 6 of 14 START test not_null_stg_orders_order_id ................................ [RUN]
[32m2025-05-06 16:24:32 +1000[0m - dagster - [34mDEBUG[0m - __ASSET_JOB - dd58d973-4874-4b63-9cd7-0bd03d4a38af - 70634 - run_dbt_42abf - ASSET_OBSERVATION - DagsterEventType.ASSET_OBSERVATION for step run_dbt_42abf
[32m2025-05-06 16:24:32 +1000[0m - dagster - [34mINFO[0m - resource:dbt - dd58d973-4874-4b63-9cd7-0bd03d4a38af - run_dbt_42abf - 6 of 14 PASS not_null_stg_orders_order_id ...................................... [PASS in 2.22s]
[32m2025-05-06 16:24:32 +1000[0m - dagster - [34mINFO[0m - resource:dbt - dd58d973-4874-4b63-9cd7-0bd03d4a38af - run_dbt_42abf - 7 of 14 START test relationships_stg_orders_customer_id__customer_id__ref_stg_customers_  [RUN]
[32m2025-05-06 16:24:35 +1000[0m - dagster - [34mDEBUG[0m - __ASSET_JOB - dd58d973-4874-4b63-9cd7-0bd03d4a38af - 70634 - run_dbt_42abf - ASSET_OBSERVATION - DagsterEventType.ASSET_OBSERVATION for step run_dbt_42abf
[32m2025-05-06 16:24:35 +1000[0m - dagster - [34mDEBUG[0m - __ASSET_JOB - dd58d973-4874-4b63-9cd7-0bd03d4a38af - 70634 - run_dbt_42abf - ASSET_OBSERVATION - DagsterEventType.ASSET_OBSERVATION for step run_dbt_42abf
[32m2025-05-06 16:24:35 +1000[0m - dagster - [34mINFO[0m - resource:dbt - dd58d973-4874-4b63-9cd7-0bd03d4a38af - run_dbt_42abf - 7 of 14 PASS relationships_stg_orders_customer_id__customer_id__ref_stg_customers_  [PASS in 2.64s]
[32m2025-05-06 16:24:35 +1000[0m - dagster - [34mINFO[0m - resource:dbt - dd58d973-4874-4b63-9cd7-0bd03d4a38af - run_dbt_42abf - 8 of 14 START test unique_stg_orders_order_id .................................. [RUN]
[32m2025-05-06 16:24:37 +1000[0m - dagster - [34mDEBUG[0m - __ASSET_JOB - dd58d973-4874-4b63-9cd7-0bd03d4a38af - 70634 - run_dbt_42abf - ASSET_OBSERVATION - DagsterEventType.ASSET_OBSERVATION for step run_dbt_42abf
[32m2025-05-06 16:24:37 +1000[0m - dagster - [34mINFO[0m - resource:dbt - dd58d973-4874-4b63-9cd7-0bd03d4a38af - run_dbt_42abf - 8 of 14 PASS unique_stg_orders_order_id ........................................ [PASS in 2.52s]
[32m2025-05-06 16:24:37 +1000[0m - dagster - [34mINFO[0m - resource:dbt - dd58d973-4874-4b63-9cd7-0bd03d4a38af - run_dbt_42abf - 9 of 14 START sql table model transformed_data.dim_customers ................... [RUN]
[32m2025-05-06 16:24:41 +1000[0m - dagster - [34mDEBUG[0m - __ASSET_JOB - dd58d973-4874-4b63-9cd7-0bd03d4a38af - 70634 - run_dbt_42abf - STEP_OUTPUT - Yielded output "model_dbt_transformation_dim_customers" of type "Nothing". (Type check passed).
[32m2025-05-06 16:24:41 +1000[0m - dagster - [34mDEBUG[0m - __ASSET_JOB - dd58d973-4874-4b63-9cd7-0bd03d4a38af - 70634 - run_dbt_42abf - ASSET_MATERIALIZATION - Materialized value transformed_data dim_customers.
[32m2025-05-06 16:24:41 +1000[0m - dagster - [34mINFO[0m - resource:dbt - dd58d973-4874-4b63-9cd7-0bd03d4a38af - run_dbt_42abf - 9 of 14 OK created sql table model transformed_data.dim_customers .............. [CREATE TABLE (9.8k rows, 1.3 MiB processed) in 4.22s]
[32m2025-05-06 16:24:41 +1000[0m - dagster - [34mINFO[0m - resource:dbt - dd58d973-4874-4b63-9cd7-0bd03d4a38af - run_dbt_42abf - 10 of 14 START test not_null_dim_customers_city ................................ [RUN]
[32m2025-05-06 16:24:44 +1000[0m - dagster - [34mDEBUG[0m - __ASSET_JOB - dd58d973-4874-4b63-9cd7-0bd03d4a38af - 70634 - run_dbt_42abf - ASSET_OBSERVATION - DagsterEventType.ASSET_OBSERVATION for step run_dbt_42abf
[32m2025-05-06 16:24:44 +1000[0m - dagster - [34mINFO[0m - resource:dbt - dd58d973-4874-4b63-9cd7-0bd03d4a38af - run_dbt_42abf - 10 of 14 PASS not_null_dim_customers_city ...................................... [PASS in 2.32s]
[32m2025-05-06 16:24:44 +1000[0m - dagster - [34mINFO[0m - resource:dbt - dd58d973-4874-4b63-9cd7-0bd03d4a38af - run_dbt_42abf - 11 of 14 START test not_null_dim_customers_country ............................. [RUN]
[32m2025-05-06 16:24:46 +1000[0m - dagster - [34mDEBUG[0m - __ASSET_JOB - dd58d973-4874-4b63-9cd7-0bd03d4a38af - 70634 - run_dbt_42abf - ASSET_OBSERVATION - DagsterEventType.ASSET_OBSERVATION for step run_dbt_42abf
[32m2025-05-06 16:24:46 +1000[0m - dagster - [34mINFO[0m - resource:dbt - dd58d973-4874-4b63-9cd7-0bd03d4a38af - run_dbt_42abf - 11 of 14 PASS not_null_dim_customers_country ................................... [PASS in 2.32s]
[32m2025-05-06 16:24:46 +1000[0m - dagster - [34mINFO[0m - resource:dbt - dd58d973-4874-4b63-9cd7-0bd03d4a38af - run_dbt_42abf - 12 of 14 START test not_null_dim_customers_customer_id ......................... [RUN]
[32m2025-05-06 16:24:48 +1000[0m - dagster - [34mDEBUG[0m - __ASSET_JOB - dd58d973-4874-4b63-9cd7-0bd03d4a38af - 70634 - run_dbt_42abf - ASSET_OBSERVATION - DagsterEventType.ASSET_OBSERVATION for step run_dbt_42abf
[32m2025-05-06 16:24:48 +1000[0m - dagster - [34mINFO[0m - resource:dbt - dd58d973-4874-4b63-9cd7-0bd03d4a38af - run_dbt_42abf - 12 of 14 PASS not_null_dim_customers_customer_id ............................... [PASS in 2.29s]
[32m2025-05-06 16:24:48 +1000[0m - dagster - [34mINFO[0m - resource:dbt - dd58d973-4874-4b63-9cd7-0bd03d4a38af - run_dbt_42abf - 13 of 14 START test not_null_dim_customers_email ............................... [RUN]
[32m2025-05-06 16:24:51 +1000[0m - dagster - [34mDEBUG[0m - __ASSET_JOB - dd58d973-4874-4b63-9cd7-0bd03d4a38af - 70634 - run_dbt_42abf - ASSET_OBSERVATION - DagsterEventType.ASSET_OBSERVATION for step run_dbt_42abf
[32m2025-05-06 16:24:51 +1000[0m - dagster - [34mINFO[0m - resource:dbt - dd58d973-4874-4b63-9cd7-0bd03d4a38af - run_dbt_42abf - 13 of 14 PASS not_null_dim_customers_email ..................................... [PASS in 2.45s]
[32m2025-05-06 16:24:51 +1000[0m - dagster - [34mINFO[0m - resource:dbt - dd58d973-4874-4b63-9cd7-0bd03d4a38af - run_dbt_42abf - 14 of 14 START test unique_dim_customers_customer_id ........................... [RUN]
[32m2025-05-06 16:24:53 +1000[0m - dagster - [34mDEBUG[0m - __ASSET_JOB - dd58d973-4874-4b63-9cd7-0bd03d4a38af - 70634 - run_dbt_42abf - ASSET_OBSERVATION - DagsterEventType.ASSET_OBSERVATION for step run_dbt_42abf
[32m2025-05-06 16:24:53 +1000[0m - dagster - [34mINFO[0m - resource:dbt - dd58d973-4874-4b63-9cd7-0bd03d4a38af - run_dbt_42abf - 14 of 14 PASS unique_dim_customers_customer_id ................................. [PASS in 2.41s]
[32m2025-05-06 16:24:53 +1000[0m - dagster - [34mINFO[0m - resource:dbt - dd58d973-4874-4b63-9cd7-0bd03d4a38af - run_dbt_42abf
[32m2025-05-06 16:24:53 +1000[0m - dagster - [34mINFO[0m - resource:dbt - dd58d973-4874-4b63-9cd7-0bd03d4a38af - run_dbt_42abf - Finished running 2 view models, 11 tests, 1 table model in 0 hours 0 minutes and 37.97 seconds (37.97s).
[32m2025-05-06 16:24:53 +1000[0m - dagster - [34mINFO[0m - resource:dbt - dd58d973-4874-4b63-9cd7-0bd03d4a38af - run_dbt_42abf
[32m2025-05-06 16:24:53 +1000[0m - dagster - [34mINFO[0m - resource:dbt - dd58d973-4874-4b63-9cd7-0bd03d4a38af - run_dbt_42abf - Completed successfully
[32m2025-05-06 16:24:53 +1000[0m - dagster - [34mINFO[0m - resource:dbt - dd58d973-4874-4b63-9cd7-0bd03d4a38af - run_dbt_42abf
[32m2025-05-06 16:24:53 +1000[0m - dagster - [34mINFO[0m - resource:dbt - dd58d973-4874-4b63-9cd7-0bd03d4a38af - run_dbt_42abf - Done. PASS=14 WARN=0 ERROR=0 SKIP=0 TOTAL=14
[32m2025-05-06 16:24:55 +1000[0m - dagster - [34mINFO[0m - resource:dbt - dd58d973-4874-4b63-9cd7-0bd03d4a38af - run_dbt_42abf - dbt exited with return code 0
[32m2025-05-06 16:24:55 +1000[0m - dagster - [34mDEBUG[0m - __ASSET_JOB - dd58d973-4874-4b63-9cd7-0bd03d4a38af - 70634 - run_dbt_42abf - STEP_SUCCESS - Finished execution of step "run_dbt_42abf" in 40.95s.
